[debug] [2021-06-18T07:14:55.715Z] ----------------------------------------------------------------------
[debug] [2021-06-18T07:14:55.717Z] Command:       C:\Program Files\nodejs\node.exe C:\Users\JOO\AppData\Roaming\npm\node_modules\firebase-tools\lib\bin\firebase.js init
[debug] [2021-06-18T07:14:55.718Z] CLI Version:   9.13.0
[debug] [2021-06-18T07:14:55.718Z] Platform:      win32
[debug] [2021-06-18T07:14:55.718Z] Node Version:  v14.17.0
[debug] [2021-06-18T07:14:55.719Z] Time:          Fri Jun 18 2021 16:14:55 GMT+0900 (대한민국 표준시)
[debug] [2021-06-18T07:14:55.720Z] ----------------------------------------------------------------------
[debug] 
[debug] [2021-06-18T07:14:55.723Z] >>> [apiv2][query] GET https://firebase-public.firebaseio.com/cli.json [none]
[debug] [2021-06-18T07:14:55.750Z] > command requires scopes: ["email","openid","https://www.googleapis.com/auth/cloudplatformprojects.readonly","https://www.googleapis.com/auth/firebase","https://www.googleapis.com/auth/cloud-platform"]
[debug] [2021-06-18T07:14:55.750Z] > authorizing via signed-in user (jooplayconsole@gmail.com)
[info] 
     ######## #### ########  ######## ########     ###     ######  ########
     ##        ##  ##     ## ##       ##     ##  ##   ##  ##       ##
     ######    ##  ########  ######   ########  #########  ######  ######
     ##        ##  ##    ##  ##       ##     ## ##     ##       ## ##
     ##       #### ##     ## ######## ########  ##     ##  ######  ########

You're about to initialize a Firebase project in this directory:

  E:\4.ReactjsProjects\webapp

Before we get started, keep in mind:

  * You are initializing within an existing Firebase project directory

[debug] [2021-06-18T07:14:56.330Z] <<< [apiv2][status] GET https://firebase-public.firebaseio.com/cli.json 200
[debug] [2021-06-18T07:14:56.330Z] <<< [apiv2][body] GET https://firebase-public.firebaseio.com/cli.json {"cloudBuildErrorAfter":1594252800000,"cloudBuildWarnAfter":1590019200000,"defaultNode10After":1594252800000,"minVersion":"3.0.5","node8DeploysDisabledAfter":1613390400000,"node8RuntimeDisabledAfter":1615809600000,"node8WarnAfter":1600128000000}
